{"level":"info","message":"🚀 Server on port 5000 [development]","timestamp":"2026-03-04 17:06:12"}
{"level":"info","message":"🚀 Server on port 5000 [development]","timestamp":"2026-03-04 17:06:25"}
{"level":"debug","message":"POST /api/auth/login","timestamp":"2026-03-04 17:06:35"}
{"level":"info","message":"🚀 Server on port 5000 [development]","timestamp":"2026-03-04 17:06:59"}
{"level":"debug","message":"POST /api/auth/login","timestamp":"2026-03-04 17:07:05"}
{"level":"debug","message":"POST /api/auth/login","timestamp":"2026-03-04 17:07:08"}
{"level":"debug","message":"POST /api/auth/login","timestamp":"2026-03-04 17:07:31"}
{"level":"debug","message":"GET /favicon.ico","timestamp":"2026-03-04 17:17:57"}
{"level":"debug","message":"GET /api/auth/me","timestamp":"2026-03-04 17:19:39"}
{"err":"invalid signature","ip":"::1","level":"warn","message":"JWT failed","timestamp":"2026-03-04 17:19:39"}
{"level":"debug","message":"GET /api/auth/me","timestamp":"2026-03-04 17:19:39"}
{"err":"invalid signature","ip":"::1","level":"warn","message":"JWT failed","timestamp":"2026-03-04 17:19:39"}
{"level":"debug","message":"POST /api/auth/login","timestamp":"2026-03-04 17:19:56"}
{"level":"debug","message":"GET /api/dashboard","timestamp":"2026-03-04 17:19:57"}
{"level":"debug","message":"GET /api/dashboard","timestamp":"2026-03-04 17:19:57"}
{"level":"debug","message":"GET /api/counties","timestamp":"2026-03-04 17:20:03"}
{"level":"debug","message":"GET /api/counties","timestamp":"2026-03-04 17:20:03"}
{"level":"debug","message":"GET /api/devices?page=1&limit=20&search=&status=&countyId=","timestamp":"2026-03-04 17:20:03"}
{"level":"debug","message":"GET /api/verifications?page=1&limit=20&year=","timestamp":"2026-03-04 17:20:06"}
{"level":"debug","message":"GET /api/verifications?page=1&limit=20&year=","timestamp":"2026-03-04 17:20:06"}
{"level":"debug","message":"GET /api/counties","timestamp":"2026-03-04 17:20:07"}
{"level":"debug","message":"GET /api/counties","timestamp":"2026-03-04 17:20:08"}
{"level":"debug","message":"GET /api/facilities?page=1&limit=20&search=","timestamp":"2026-03-04 17:20:08"}
{"level":"debug","message":"GET /api/facilities?page=1&limit=20&search=ma","timestamp":"2026-03-04 17:20:12"}
{"level":"debug","message":"GET /api/facilities?page=1&limit=20&search=mar","timestamp":"2026-03-04 17:20:13"}
{"level":"debug","message":"GET /api/facilities?page=1&limit=20&search=","timestamp":"2026-03-04 17:20:15"}
{"level":"debug","message":"GET /api/counties/43/sub-counties","timestamp":"2026-03-04 17:20:33"}
{"level":"debug","message":"POST /api/facilities","timestamp":"2026-03-04 17:20:39"}
{"level":"debug","message":"GET /api/facilities?page=1&limit=20&search=","timestamp":"2026-03-04 17:20:39"}
{"level":"debug","message":"GET /api/counties","timestamp":"2026-03-04 17:20:47"}
{"level":"debug","message":"GET /api/counties","timestamp":"2026-03-04 17:20:48"}
{"level":"debug","message":"GET /api/devices?page=1&limit=20&search=&status=&countyId=","timestamp":"2026-03-04 17:20:48"}
{"level":"debug","message":"GET /api/devices?page=1&limit=20&search=&status=&countyId=43","timestamp":"2026-03-04 17:20:52"}
{"level":"debug","message":"GET /api/affiliations","timestamp":"2026-03-04 17:20:53"}
{"level":"debug","message":"GET /api/facilities?limit=500","timestamp":"2026-03-04 17:20:53"}
{"level":"debug","message":"GET /api/counties","timestamp":"2026-03-04 17:20:53"}
{"level":"debug","message":"GET /api/affiliations","timestamp":"2026-03-04 17:20:54"}
{"level":"debug","message":"GET /api/counties","timestamp":"2026-03-04 17:20:54"}
{"level":"debug","message":"GET /api/facilities?limit=500","timestamp":"2026-03-04 17:20:54"}
{"level":"debug","message":"GET /api/counties/43/sub-counties","timestamp":"2026-03-04 17:21:02"}
{"level":"debug","message":"GET /api/verifications?page=1&limit=20&year=","timestamp":"2026-03-04 17:21:25"}
{"level":"debug","message":"GET /api/verifications?page=1&limit=20&year=","timestamp":"2026-03-04 17:21:25"}
{"level":"debug","message":"GET /api/counties","timestamp":"2026-03-04 17:21:25"}
{"level":"debug","message":"GET /api/counties","timestamp":"2026-03-04 17:21:25"}
{"level":"debug","message":"GET /api/facilities?page=1&limit=20&search=","timestamp":"2026-03-04 17:21:26"}
{"level":"debug","message":"GET /api/counties/43/sub-counties","timestamp":"2026-03-04 17:21:28"}
{"level":"debug","message":"GET /api/counties/43/sub-counties","timestamp":"2026-03-04 17:21:28"}
{"level":"debug","message":"GET /api/dashboard","timestamp":"2026-03-04 17:21:34"}
{"level":"debug","message":"GET /api/dashboard","timestamp":"2026-03-04 17:21:34"}
{"level":"debug","message":"GET /api/verifications?page=1&limit=20&year=","timestamp":"2026-03-04 17:22:52"}
{"level":"debug","message":"GET /api/verifications?page=1&limit=20&year=","timestamp":"2026-03-04 17:22:52"}
{"level":"debug","message":"GET /api/counties","timestamp":"2026-03-04 17:22:55"}
{"level":"debug","message":"GET /api/counties","timestamp":"2026-03-04 17:22:56"}
{"level":"debug","message":"GET /api/facilities?page=1&limit=20&search=","timestamp":"2026-03-04 17:22:56"}
{"level":"debug","message":"GET /api/counties","timestamp":"2026-03-04 17:22:57"}
{"level":"debug","message":"GET /api/counties","timestamp":"2026-03-04 17:22:57"}
{"level":"debug","message":"GET /api/devices?page=1&limit=20&search=&status=&countyId=","timestamp":"2026-03-04 17:22:57"}
{"level":"debug","message":"GET /api/dashboard","timestamp":"2026-03-04 17:22:59"}
{"level":"debug","message":"GET /api/dashboard","timestamp":"2026-03-04 17:22:59"}
{"level":"debug","message":"GET /api/counties","timestamp":"2026-03-04 17:23:03"}
{"level":"debug","message":"GET /api/counties","timestamp":"2026-03-04 17:23:03"}
{"level":"debug","message":"GET /api/facilities?page=1&limit=20&search=","timestamp":"2026-03-04 17:23:03"}
{"level":"debug","message":"GET /api/counties","timestamp":"2026-03-04 17:23:06"}
{"level":"debug","message":"GET /api/counties","timestamp":"2026-03-04 17:23:06"}
{"level":"debug","message":"GET /api/devices?page=1&limit=20&search=&status=&countyId=","timestamp":"2026-03-04 17:23:06"}
{"level":"debug","message":"GET /api/dashboard","timestamp":"2026-03-04 17:23:09"}
{"level":"debug","message":"GET /api/dashboard","timestamp":"2026-03-04 17:23:09"}
{"level":"debug","message":"GET /api/counties","timestamp":"2026-03-04 17:23:10"}
{"level":"debug","message":"GET /api/counties","timestamp":"2026-03-04 17:23:10"}
{"level":"debug","message":"GET /api/devices?page=1&limit=20&search=&status=&countyId=","timestamp":"2026-03-04 17:23:10"}
{"level":"debug","message":"GET /api/verifications?page=1&limit=20&year=","timestamp":"2026-03-04 17:23:13"}
{"level":"debug","message":"GET /api/verifications?page=1&limit=20&year=","timestamp":"2026-03-04 17:23:13"}
{"level":"debug","message":"GET /api/counties","timestamp":"2026-03-04 17:23:14"}
{"level":"debug","message":"GET /api/counties","timestamp":"2026-03-04 17:23:14"}
{"level":"debug","message":"GET /api/facilities?page=1&limit=20&search=","timestamp":"2026-03-04 17:23:14"}
{"level":"debug","message":"GET /api/counties/43/sub-counties","timestamp":"2026-03-04 17:23:28"}
{"level":"debug","message":"GET /api/counties/43/sub-counties","timestamp":"2026-03-04 17:23:28"}
{"level":"debug","message":"GET /api/dashboard","timestamp":"2026-03-04 17:25:45"}
{"level":"debug","message":"GET /api/dashboard","timestamp":"2026-03-04 17:25:45"}
{"level":"debug","message":"GET /api/counties","timestamp":"2026-03-04 17:25:47"}
{"level":"debug","message":"GET /api/counties","timestamp":"2026-03-04 17:25:47"}
{"level":"debug","message":"GET /api/devices?page=1&limit=20&search=&status=&countyId=","timestamp":"2026-03-04 17:25:47"}
{"level":"debug","message":"GET /api/verifications?page=1&limit=20&year=","timestamp":"2026-03-04 17:25:48"}
{"level":"debug","message":"GET /api/verifications?page=1&limit=20&year=","timestamp":"2026-03-04 17:25:49"}
{"level":"debug","message":"GET /api/counties","timestamp":"2026-03-04 17:25:51"}
{"level":"debug","message":"GET /api/counties","timestamp":"2026-03-04 17:25:51"}
{"level":"debug","message":"GET /api/facilities?page=1&limit=20&search=","timestamp":"2026-03-04 17:25:51"}
{"level":"debug","message":"GET /api/auth/me","timestamp":"2026-03-04 17:32:28"}
{"level":"debug","message":"GET /api/auth/me","timestamp":"2026-03-04 17:32:28"}
{"level":"debug","message":"GET /api/counties","timestamp":"2026-03-04 17:32:28"}
{"level":"debug","message":"GET /api/counties","timestamp":"2026-03-04 17:32:29"}
{"level":"debug","message":"GET /api/facilities?page=1&limit=20&search=","timestamp":"2026-03-04 17:32:29"}
{"level":"info","message":"🚀 Server on port 5000 [development]","timestamp":"2026-03-04 17:38:01"}
{"level":"debug","message":"POST /api/auth/login","timestamp":"2026-03-04 17:38:12"}
{"level":"debug","message":"GET /api/dashboard","timestamp":"2026-03-04 17:38:13"}
{"level":"debug","message":"GET /api/dashboard","timestamp":"2026-03-04 17:38:14"}
{"level":"debug","message":"GET /api/counties","timestamp":"2026-03-04 17:38:17"}
{"level":"debug","message":"GET /api/counties","timestamp":"2026-03-04 17:38:17"}
{"level":"debug","message":"GET /api/devices?page=1&limit=20&search=&status=&countyId=","timestamp":"2026-03-04 17:38:18"}
{"level":"debug","message":"GET /api/counties","timestamp":"2026-03-04 17:38:20"}
{"level":"debug","message":"GET /api/counties","timestamp":"2026-03-04 17:38:20"}
{"level":"debug","message":"GET /api/facilities?page=1&limit=20&search=","timestamp":"2026-03-04 17:38:20"}
{"level":"debug","message":"DELETE /api/facilities/1","timestamp":"2026-03-04 17:38:25"}
{"level":"debug","message":"GET /api/facilities?page=1&limit=20&search=","timestamp":"2026-03-04 17:38:25"}
{"level":"debug","message":"POST /api/facilities/import","timestamp":"2026-03-04 17:40:22"}
{"level":"debug","message":"GET /api/facilities?page=1&limit=20&search=","timestamp":"2026-03-04 17:40:23"}
{"level":"debug","message":"GET /api/counties","timestamp":"2026-03-04 17:40:38"}
{"level":"debug","message":"GET /api/devices?page=1&limit=20&search=&status=&countyId=","timestamp":"2026-03-04 17:40:38"}
{"level":"debug","message":"GET /api/counties","timestamp":"2026-03-04 17:40:38"}
{"level":"debug","message":"GET /api/counties","timestamp":"2026-03-04 17:40:40"}
{"level":"debug","message":"GET /api/affiliations","timestamp":"2026-03-04 17:40:40"}
{"level":"debug","message":"GET /api/facilities?limit=500","timestamp":"2026-03-04 17:40:40"}
{"level":"debug","message":"GET /api/counties","timestamp":"2026-03-04 17:40:40"}
{"level":"debug","message":"GET /api/affiliations","timestamp":"2026-03-04 17:40:40"}
{"level":"debug","message":"GET /api/facilities?limit=500","timestamp":"2026-03-04 17:40:40"}
{"level":"debug","message":"GET /api/counties/43/sub-counties","timestamp":"2026-03-04 17:40:46"}
{"level":"debug","message":"GET /api/counties","timestamp":"2026-03-04 17:41:32"}
{"level":"debug","message":"GET /api/counties","timestamp":"2026-03-04 17:41:32"}
{"level":"debug","message":"GET /api/facilities?page=1&limit=20&search=","timestamp":"2026-03-04 17:41:33"}
{"level":"debug","message":"GET /api/verifications?page=1&limit=20&year=","timestamp":"2026-03-04 17:41:34"}
{"level":"debug","message":"GET /api/verifications?page=1&limit=20&year=","timestamp":"2026-03-04 17:41:34"}
{"level":"debug","message":"GET /api/counties","timestamp":"2026-03-04 17:41:36"}
{"level":"debug","message":"GET /api/counties","timestamp":"2026-03-04 17:41:36"}
{"level":"debug","message":"GET /api/facilities?page=1&limit=20&search=","timestamp":"2026-03-04 17:41:37"}
{"level":"debug","message":"GET /api/facilities?page=1&limit=20&search=ki","timestamp":"2026-03-04 17:41:54"}
{"level":"debug","message":"GET /api/facilities?page=1&limit=20&search=kise","timestamp":"2026-03-04 17:41:55"}
{"level":"debug","message":"GET /api/facilities?page=1&limit=20&search=","timestamp":"2026-03-04 17:42:00"}
{"level":"debug","message":"GET /api/facilities?page=1&limit=20&search=sokl","timestamp":"2026-03-04 17:42:04"}
{"level":"debug","message":"GET /api/counties/43/sub-counties","timestamp":"2026-03-04 17:42:08"}
{"level":"debug","message":"GET /api/counties/43/sub-counties","timestamp":"2026-03-04 17:42:08"}
{"level":"debug","message":"PATCH /api/facilities/154","timestamp":"2026-03-04 17:42:19"}
{"level":"debug","message":"GET /api/facilities?page=1&limit=20&search=sokl","timestamp":"2026-03-04 17:42:20"}
{"level":"debug","message":"GET /api/facilities?page=1&limit=20&search=","timestamp":"2026-03-04 17:42:23"}
{"level":"debug","message":"GET /api/verifications?page=1&limit=20&year=","timestamp":"2026-03-04 17:42:31"}
{"level":"debug","message":"GET /api/verifications?page=1&limit=20&year=","timestamp":"2026-03-04 17:42:31"}
{"level":"debug","message":"GET /api/counties","timestamp":"2026-03-04 17:42:32"}
{"level":"debug","message":"GET /api/counties","timestamp":"2026-03-04 17:42:32"}
{"level":"debug","message":"GET /api/devices?page=1&limit=20&search=&status=&countyId=","timestamp":"2026-03-04 17:42:33"}
{"level":"debug","message":"GET /api/dashboard","timestamp":"2026-03-04 17:42:34"}
{"level":"debug","message":"GET /api/dashboard","timestamp":"2026-03-04 17:42:35"}
{"level":"debug","message":"GET /api/counties","timestamp":"2026-03-04 17:42:41"}
{"level":"debug","message":"GET /api/counties","timestamp":"2026-03-04 17:42:42"}
{"level":"debug","message":"GET /api/devices?page=1&limit=20&search=&status=&countyId=","timestamp":"2026-03-04 17:42:42"}
{"level":"debug","message":"GET /api/users?page=1&limit=20&search=","timestamp":"2026-03-04 17:42:45"}
{"level":"debug","message":"POST /api/auth/register","timestamp":"2026-03-04 17:43:08"}
{"level":"debug","message":"GET /api/users?page=1&limit=20&search=","timestamp":"2026-03-04 17:43:09"}
{"level":"debug","message":"POST /api/auth/login","timestamp":"2026-03-04 17:43:23"}
{"level":"debug","message":"GET /api/dashboard","timestamp":"2026-03-04 17:43:24"}
{"level":"debug","message":"GET /api/dashboard","timestamp":"2026-03-04 17:43:24"}
{"level":"debug","message":"GET /api/verifications?page=1&limit=20&year=","timestamp":"2026-03-04 17:43:28"}
{"level":"debug","message":"GET /api/verifications?page=1&limit=20&year=","timestamp":"2026-03-04 17:43:28"}
{"level":"debug","message":"GET /api/counties","timestamp":"2026-03-04 17:43:29"}
{"level":"debug","message":"GET /api/counties","timestamp":"2026-03-04 17:43:30"}
{"level":"debug","message":"GET /api/devices?page=1&limit=20&search=&status=&countyId=","timestamp":"2026-03-04 17:43:30"}
{"level":"debug","message":"GET /api/dashboard","timestamp":"2026-03-04 17:43:32"}
{"level":"debug","message":"GET /api/dashboard","timestamp":"2026-03-04 17:43:32"}
{"level":"debug","message":"GET /api/counties","timestamp":"2026-03-04 17:43:34"}
{"level":"debug","message":"GET /api/counties","timestamp":"2026-03-04 17:43:34"}
{"level":"debug","message":"GET /api/devices?page=1&limit=20&search=&status=&countyId=","timestamp":"2026-03-04 17:43:34"}
{"level":"debug","message":"GET /api/verifications?page=1&limit=20&year=","timestamp":"2026-03-04 17:43:37"}
{"level":"debug","message":"GET /api/verifications?page=1&limit=20&year=","timestamp":"2026-03-04 17:43:37"}
{"level":"debug","message":"GET /api/counties","timestamp":"2026-03-04 17:43:38"}
{"level":"debug","message":"GET /api/counties","timestamp":"2026-03-04 17:43:38"}
{"level":"debug","message":"GET /api/facilities?page=1&limit=20&search=","timestamp":"2026-03-04 17:43:39"}
{"level":"debug","message":"GET /api/dashboard","timestamp":"2026-03-04 17:43:39"}
{"level":"debug","message":"GET /api/dashboard","timestamp":"2026-03-04 17:43:39"}
{"level":"debug","message":"GET /api/counties","timestamp":"2026-03-04 17:43:40"}
{"level":"debug","message":"GET /api/counties","timestamp":"2026-03-04 17:43:41"}
{"level":"debug","message":"GET /api/facilities?page=1&limit=20&search=","timestamp":"2026-03-04 17:43:41"}
{"level":"debug","message":"GET /api/dashboard","timestamp":"2026-03-04 17:43:50"}
{"level":"debug","message":"GET /api/dashboard","timestamp":"2026-03-04 17:43:51"}
{"level":"debug","message":"GET /api/counties","timestamp":"2026-03-04 17:44:00"}
{"level":"debug","message":"GET /api/counties","timestamp":"2026-03-04 17:44:01"}
{"level":"debug","message":"GET /api/devices?page=1&limit=20&search=&status=&countyId=","timestamp":"2026-03-04 17:44:01"}
{"level":"debug","message":"GET /api/dashboard","timestamp":"2026-03-04 17:45:19"}
{"level":"debug","message":"GET /api/dashboard","timestamp":"2026-03-04 17:45:19"}
{"level":"debug","message":"GET /api/counties","timestamp":"2026-03-04 17:45:41"}
{"level":"debug","message":"GET /api/devices?page=1&limit=20&search=&status=&countyId=","timestamp":"2026-03-04 17:45:42"}
{"level":"debug","message":"GET /api/counties","timestamp":"2026-03-04 17:45:42"}
{"level":"debug","message":"GET /api/verifications?page=1&limit=20&year=","timestamp":"2026-03-04 17:45:43"}
{"level":"debug","message":"GET /api/verifications?page=1&limit=20&year=","timestamp":"2026-03-04 17:45:44"}
{"level":"debug","message":"GET /api/counties","timestamp":"2026-03-04 17:45:46"}
{"level":"debug","message":"GET /api/counties","timestamp":"2026-03-04 17:45:46"}
{"level":"debug","message":"GET /api/facilities?page=1&limit=20&search=","timestamp":"2026-03-04 17:45:46"}
{"level":"debug","message":"GET /api/counties","timestamp":"2026-03-04 17:45:50"}
{"level":"debug","message":"GET /api/counties","timestamp":"2026-03-04 17:45:50"}
{"level":"debug","message":"GET /api/devices?page=1&limit=20&search=&status=&countyId=","timestamp":"2026-03-04 17:45:50"}
{"level":"debug","message":"POST /api/auth/login","timestamp":"2026-03-04 17:46:00"}
{"level":"debug","message":"GET /api/dashboard","timestamp":"2026-03-04 17:46:01"}
{"level":"debug","message":"GET /api/dashboard","timestamp":"2026-03-04 17:46:01"}
{"level":"debug","message":"GET /api/counties","timestamp":"2026-03-04 17:46:04"}
{"level":"debug","message":"GET /api/counties","timestamp":"2026-03-04 17:46:04"}
{"level":"debug","message":"GET /api/devices?page=1&limit=20&search=&status=&countyId=","timestamp":"2026-03-04 17:46:04"}
{"level":"debug","message":"POST /api/devices/import","timestamp":"2026-03-04 17:46:40"}
{"level":"debug","message":"GET /api/devices?page=1&limit=20&search=&status=&countyId=","timestamp":"2026-03-04 17:46:41"}
{"level":"debug","message":"GET /api/auth/me","timestamp":"2026-03-04 17:46:55"}
{"level":"debug","message":"GET /api/auth/me","timestamp":"2026-03-04 17:46:55"}
{"level":"debug","message":"GET /api/counties","timestamp":"2026-03-04 17:46:55"}
{"level":"debug","message":"GET /api/devices?page=1&limit=20&search=&status=&countyId=","timestamp":"2026-03-04 17:46:55"}
{"level":"debug","message":"GET /api/counties","timestamp":"2026-03-04 17:46:55"}
{"level":"debug","message":"GET /api/counties","timestamp":"2026-03-04 17:47:08"}
{"level":"debug","message":"GET /api/affiliations","timestamp":"2026-03-04 17:47:09"}
{"level":"debug","message":"GET /api/facilities?limit=500","timestamp":"2026-03-04 17:47:09"}
{"level":"debug","message":"GET /api/counties","timestamp":"2026-03-04 17:47:09"}
{"level":"debug","message":"GET /api/affiliations","timestamp":"2026-03-04 17:47:09"}
{"level":"debug","message":"GET /api/facilities?limit=500","timestamp":"2026-03-04 17:47:09"}
{"level":"debug","message":"POST /api/affiliations","timestamp":"2026-03-04 17:47:34"}
{"level":"debug","message":"POST /api/affiliations","timestamp":"2026-03-04 17:47:42"}
{"level":"debug","message":"POST /api/affiliations","timestamp":"2026-03-04 17:47:56"}
{"level":"debug","message":"POST /api/affiliations","timestamp":"2026-03-04 17:48:09"}
{"level":"debug","message":"GET /api/counties/43/sub-counties","timestamp":"2026-03-04 17:49:26"}
{"level":"debug","message":"POST /api/devices","timestamp":"2026-03-04 17:50:17"}
{"level":"error","message":"Unhandled error Invalid key length","stack":"RangeError: Invalid key length\n    at Cipheriv.createCipherBase (node:internal/crypto/cipher:121:19)\n    at Cipheriv.createCipherWithIV (node:internal/crypto/cipher:140:3)\n    at new Cipheriv (node:internal/crypto/cipher:243:3)\n    at Object.createCipheriv (node:crypto:147:10)\n    at encrypt (C:\\Users\\nwambulwa\\OneDrive\\Projects\\Tabtrack\\backend\\src\\utils\\index.js:18:22)\n    at Object.create (C:\\Users\\nwambulwa\\OneDrive\\Projects\\Tabtrack\\backend\\src\\models\\device.model.js:97:32)\n    at process.processTicksAndRejections (node:internal/process/task_queues:95:5)\n    at async createDevice (C:\\Users\\nwambulwa\\OneDrive\\Projects\\Tabtrack\\backend\\src\\controllers\\index.js:361:16)","timestamp":"2026-03-04 17:50:17","url":"/api/devices"}
{"level":"info","message":"🚀 Server on port 5000 [development]","timestamp":"2026-03-04 17:51:21"}
{"level":"debug","message":"POST /api/devices","timestamp":"2026-03-04 17:53:56"}
{"level":"error","message":"Unhandled error Invalid key length","stack":"RangeError: Invalid key length\n    at Cipheriv.createCipherBase (node:internal/crypto/cipher:121:19)\n    at Cipheriv.createCipherWithIV (node:internal/crypto/cipher:140:3)\n    at new Cipheriv (node:internal/crypto/cipher:243:3)\n    at Object.createCipheriv (node:crypto:147:10)\n    at encrypt (C:\\Users\\nwambulwa\\OneDrive\\Projects\\Tabtrack\\backend\\src\\utils\\index.js:18:22)\n    at Object.create (C:\\Users\\nwambulwa\\OneDrive\\Projects\\Tabtrack\\backend\\src\\models\\device.model.js:97:32)\n    at process.processTicksAndRejections (node:internal/process/task_queues:95:5)\n    at async createDevice (C:\\Users\\nwambulwa\\OneDrive\\Projects\\Tabtrack\\backend\\src\\controllers\\index.js:361:16)","timestamp":"2026-03-04 17:53:56","url":"/api/devices"}
{"level":"debug","message":"POST /api/devices","timestamp":"2026-03-04 17:54:03"}
{"level":"error","message":"Unhandled error Invalid key length","stack":"RangeError: Invalid key length\n    at Cipheriv.createCipherBase (node:internal/crypto/cipher:121:19)\n    at Cipheriv.createCipherWithIV (node:internal/crypto/cipher:140:3)\n    at new Cipheriv (node:internal/crypto/cipher:243:3)\n    at Object.createCipheriv (node:crypto:147:10)\n    at encrypt (C:\\Users\\nwambulwa\\OneDrive\\Projects\\Tabtrack\\backend\\src\\utils\\index.js:18:22)\n    at Object.create (C:\\Users\\nwambulwa\\OneDrive\\Projects\\Tabtrack\\backend\\src\\models\\device.model.js:97:32)\n    at process.processTicksAndRejections (node:internal/process/task_queues:95:5)\n    at async createDevice (C:\\Users\\nwambulwa\\OneDrive\\Projects\\Tabtrack\\backend\\src\\controllers\\index.js:361:16)","timestamp":"2026-03-04 17:54:03","url":"/api/devices"}
{"level":"debug","message":"GET /api/auth/me","timestamp":"2026-03-04 17:54:19"}
{"level":"debug","message":"GET /api/auth/me","timestamp":"2026-03-04 17:54:19"}
{"level":"debug","message":"GET /api/counties","timestamp":"2026-03-04 17:54:19"}
{"level":"debug","message":"GET /api/counties","timestamp":"2026-03-04 17:54:20"}
{"level":"debug","message":"GET /api/devices?page=1&limit=20&search=&status=&countyId=","timestamp":"2026-03-04 17:54:20"}
{"level":"debug","message":"GET /api/affiliations","timestamp":"2026-03-04 17:54:22"}
{"level":"debug","message":"GET /api/counties","timestamp":"2026-03-04 17:54:22"}
{"level":"debug","message":"GET /api/facilities?limit=500","timestamp":"2026-03-04 17:54:23"}
{"level":"debug","message":"GET /api/affiliations","timestamp":"2026-03-04 17:54:23"}
{"level":"debug","message":"GET /api/counties","timestamp":"2026-03-04 17:54:23"}
{"level":"debug","message":"GET /api/facilities?limit=500","timestamp":"2026-03-04 17:54:23"}
{"level":"debug","message":"GET /api/counties/43/sub-counties","timestamp":"2026-03-04 17:54:59"}
{"level":"debug","message":"POST /api/devices","timestamp":"2026-03-04 17:55:49"}
{"level":"error","message":"Unhandled error Invalid key length","stack":"RangeError: Invalid key length\n    at Cipheriv.createCipherBase (node:internal/crypto/cipher:121:19)\n    at Cipheriv.createCipherWithIV (node:internal/crypto/cipher:140:3)\n    at new Cipheriv (node:internal/crypto/cipher:243:3)\n    at Object.createCipheriv (node:crypto:147:10)\n    at encrypt (C:\\Users\\nwambulwa\\OneDrive\\Projects\\Tabtrack\\backend\\src\\utils\\index.js:18:22)\n    at Object.create (C:\\Users\\nwambulwa\\OneDrive\\Projects\\Tabtrack\\backend\\src\\models\\device.model.js:97:32)\n    at process.processTicksAndRejections (node:internal/process/task_queues:95:5)\n    at async createDevice (C:\\Users\\nwambulwa\\OneDrive\\Projects\\Tabtrack\\backend\\src\\controllers\\index.js:361:16)","timestamp":"2026-03-04 17:55:49","url":"/api/devices"}
{"level":"info","message":"🚀 Server on port 5000 [development]","timestamp":"2026-03-04 17:56:27"}
{"level":"debug","message":"POST /api/devices","timestamp":"2026-03-04 17:56:32"}
{"err":"invalid signature","ip":"::1","level":"warn","message":"JWT failed","timestamp":"2026-03-04 17:56:32"}
{"level":"debug","message":"POST /api/auth/login","timestamp":"2026-03-04 17:56:36"}
{"level":"debug","message":"GET /api/dashboard","timestamp":"2026-03-04 17:56:36"}
{"level":"debug","message":"GET /api/dashboard","timestamp":"2026-03-04 17:56:37"}
{"level":"debug","message":"GET /api/counties","timestamp":"2026-03-04 17:57:08"}
{"level":"debug","message":"GET /api/counties","timestamp":"2026-03-04 17:57:08"}
{"level":"debug","message":"GET /api/devices?page=1&limit=20&search=&status=&countyId=","timestamp":"2026-03-04 17:57:08"}
{"level":"debug","message":"GET /api/counties","timestamp":"2026-03-04 17:57:22"}
{"level":"debug","message":"GET /api/affiliations","timestamp":"2026-03-04 17:57:23"}
{"level":"debug","message":"GET /api/facilities?limit=500","timestamp":"2026-03-04 17:57:23"}
{"level":"debug","message":"GET /api/counties","timestamp":"2026-03-04 17:57:23"}
{"level":"debug","message":"GET /api/affiliations","timestamp":"2026-03-04 17:57:23"}
{"level":"debug","message":"GET /api/facilities?limit=500","timestamp":"2026-03-04 17:57:23"}
{"level":"debug","message":"GET /api/counties/43/sub-counties","timestamp":"2026-03-04 17:57:58"}
{"level":"debug","message":"POST /api/devices","timestamp":"2026-03-04 17:58:37"}
{"level":"error","message":"Unhandled error Invalid key length","stack":"RangeError: Invalid key length\n    at Cipheriv.createCipherBase (node:internal/crypto/cipher:121:19)\n    at Cipheriv.createCipherWithIV (node:internal/crypto/cipher:140:3)\n    at new Cipheriv (node:internal/crypto/cipher:243:3)\n    at Object.createCipheriv (node:crypto:147:10)\n    at encrypt (C:\\Users\\nwambulwa\\OneDrive\\Projects\\Tabtrack\\backend\\src\\utils\\index.js:18:22)\n    at Object.create (C:\\Users\\nwambulwa\\OneDrive\\Projects\\Tabtrack\\backend\\src\\models\\device.model.js:97:32)\n    at process.processTicksAndRejections (node:internal/process/task_queues:95:5)\n    at async createDevice (C:\\Users\\nwambulwa\\OneDrive\\Projects\\Tabtrack\\backend\\src\\controllers\\index.js:361:16)","timestamp":"2026-03-04 17:58:38","url":"/api/devices"}
{"level":"info","message":"🚀 Server on port 5000 [development]","timestamp":"2026-03-04 17:59:39"}
{"level":"debug","message":"POST /api/devices","timestamp":"2026-03-04 17:59:44"}
{"err":"invalid signature","ip":"::1","level":"warn","message":"JWT failed","timestamp":"2026-03-04 17:59:44"}
{"level":"debug","message":"POST /api/auth/login","timestamp":"2026-03-04 17:59:46"}
{"level":"debug","message":"GET /api/dashboard","timestamp":"2026-03-04 17:59:47"}
{"level":"debug","message":"GET /api/dashboard","timestamp":"2026-03-04 17:59:47"}
{"level":"debug","message":"GET /api/counties","timestamp":"2026-03-04 17:59:51"}
{"level":"debug","message":"GET /api/counties","timestamp":"2026-03-04 17:59:52"}
{"level":"debug","message":"GET /api/devices?page=1&limit=20&search=&status=&countyId=","timestamp":"2026-03-04 17:59:52"}
{"level":"debug","message":"GET /api/counties","timestamp":"2026-03-04 17:59:55"}
{"level":"debug","message":"GET /api/affiliations","timestamp":"2026-03-04 17:59:55"}
{"level":"debug","message":"GET /api/facilities?limit=500","timestamp":"2026-03-04 17:59:55"}
{"level":"debug","message":"GET /api/counties","timestamp":"2026-03-04 17:59:55"}
{"level":"debug","message":"GET /api/affiliations","timestamp":"2026-03-04 17:59:55"}
{"level":"debug","message":"GET /api/facilities?limit=500","timestamp":"2026-03-04 17:59:55"}
{"level":"debug","message":"GET /api/counties/43/sub-counties","timestamp":"2026-03-04 18:00:48"}
{"level":"debug","message":"POST /api/devices","timestamp":"2026-03-04 18:01:25"}
{"level":"debug","message":"GET /api/devices?page=1&limit=20&search=&status=&countyId=","timestamp":"2026-03-04 18:01:25"}
{"level":"debug","message":"GET /api/verifications?page=1&limit=20&year=","timestamp":"2026-03-04 18:01:31"}
{"level":"debug","message":"GET /api/verifications?page=1&limit=20&year=","timestamp":"2026-03-04 18:01:32"}
{"level":"debug","message":"GET /api/counties","timestamp":"2026-03-04 18:01:35"}
{"level":"debug","message":"GET /api/counties","timestamp":"2026-03-04 18:01:36"}
{"level":"debug","message":"GET /api/devices?page=1&limit=20&search=&status=&countyId=","timestamp":"2026-03-04 18:01:36"}
{"level":"debug","message":"GET /api/devices/1","timestamp":"2026-03-04 18:01:39"}
{"level":"debug","message":"GET /api/devices/1","timestamp":"2026-03-04 18:01:39"}
{"level":"debug","message":"POST /api/devices/1/verify","timestamp":"2026-03-04 18:01:53"}
{"level":"debug","message":"GET /api/devices/1","timestamp":"2026-03-04 18:01:53"}
{"level":"debug","message":"GET /api/dashboard","timestamp":"2026-03-04 18:01:55"}
{"level":"debug","message":"GET /api/dashboard","timestamp":"2026-03-04 18:01:56"}
{"level":"debug","message":"GET /api/devices/1","timestamp":"2026-03-04 18:02:06"}
{"level":"debug","message":"GET /api/devices/1","timestamp":"2026-03-04 18:02:06"}
{"level":"debug","message":"GET /api/counties","timestamp":"2026-03-04 18:02:12"}
{"level":"debug","message":"GET /api/counties","timestamp":"2026-03-04 18:02:12"}
{"level":"debug","message":"GET /api/devices?page=1&limit=20&search=&status=&countyId=","timestamp":"2026-03-04 18:02:13"}
{"level":"debug","message":"GET /api/dashboard","timestamp":"2026-03-04 18:02:14"}
{"level":"debug","message":"GET /api/dashboard","timestamp":"2026-03-04 18:02:14"}
{"level":"debug","message":"GET /api/counties","timestamp":"2026-03-04 18:02:18"}
{"level":"debug","message":"GET /api/counties","timestamp":"2026-03-04 18:02:18"}
{"level":"debug","message":"GET /api/devices?page=1&limit=20&search=&status=&countyId=","timestamp":"2026-03-04 18:02:18"}
{"level":"debug","message":"GET /api/verifications?page=1&limit=20&year=","timestamp":"2026-03-04 18:04:31"}
{"level":"debug","message":"GET /api/verifications?page=1&limit=20&year=","timestamp":"2026-03-04 18:04:31"}
{"level":"debug","message":"GET /api/counties","timestamp":"2026-03-04 18:04:37"}
{"level":"debug","message":"GET /api/counties","timestamp":"2026-03-04 18:04:37"}
{"level":"debug","message":"GET /api/facilities?page=1&limit=20&search=","timestamp":"2026-03-04 18:04:38"}
{"level":"debug","message":"GET /api/users?page=1&limit=20&search=","timestamp":"2026-03-04 18:04:40"}
{"level":"debug","message":"PATCH /api/users/2","timestamp":"2026-03-04 18:05:01"}
{"level":"debug","message":"GET /api/users?page=1&limit=20&search=","timestamp":"2026-03-04 18:05:02"}
{"level":"debug","message":"POST /api/auth/login","timestamp":"2026-03-04 18:05:11"}
{"level":"debug","message":"GET /api/dashboard","timestamp":"2026-03-04 18:05:12"}
{"level":"debug","message":"GET /api/dashboard","timestamp":"2026-03-04 18:05:12"}
{"level":"debug","message":"GET /api/counties","timestamp":"2026-03-04 18:05:15"}
{"level":"debug","message":"GET /api/counties","timestamp":"2026-03-04 18:05:16"}
{"level":"debug","message":"GET /api/devices?page=1&limit=20&search=&status=&countyId=","timestamp":"2026-03-04 18:05:16"}
{"level":"debug","message":"GET /api/verifications?page=1&limit=20&year=","timestamp":"2026-03-04 18:05:19"}
{"level":"debug","message":"GET /api/verifications?page=1&limit=20&year=","timestamp":"2026-03-04 18:05:19"}
{"level":"debug","message":"GET /api/counties","timestamp":"2026-03-04 18:05:21"}
{"level":"debug","message":"GET /api/counties","timestamp":"2026-03-04 18:05:21"}
{"level":"debug","message":"GET /api/devices?page=1&limit=20&search=&status=&countyId=","timestamp":"2026-03-04 18:05:21"}
{"level":"debug","message":"GET /api/verifications?page=1&limit=20&year=","timestamp":"2026-03-04 18:05:26"}
{"level":"debug","message":"GET /api/verifications?page=1&limit=20&year=","timestamp":"2026-03-04 18:05:26"}
{"level":"debug","message":"GET /api/counties","timestamp":"2026-03-04 18:05:27"}
{"level":"debug","message":"GET /api/counties","timestamp":"2026-03-04 18:05:27"}
{"level":"debug","message":"GET /api/facilities?page=1&limit=20&search=","timestamp":"2026-03-04 18:05:28"}
{"level":"debug","message":"GET /api/verifications?page=1&limit=20&year=","timestamp":"2026-03-04 18:05:29"}
{"level":"debug","message":"GET /api/verifications?page=1&limit=20&year=","timestamp":"2026-03-04 18:05:30"}
{"level":"debug","message":"GET /api/counties","timestamp":"2026-03-04 18:05:36"}
{"level":"debug","message":"GET /api/counties","timestamp":"2026-03-04 18:05:36"}
{"level":"debug","message":"GET /api/devices?page=1&limit=20&search=&status=&countyId=","timestamp":"2026-03-04 18:05:37"}
{"level":"debug","message":"GET /api/devices/1","timestamp":"2026-03-04 18:05:41"}
{"level":"debug","message":"GET /api/devices/1","timestamp":"2026-03-04 18:05:41"}
{"level":"debug","message":"GET /api/counties","timestamp":"2026-03-04 18:05:53"}
{"level":"debug","message":"GET /api/facilities?limit=500","timestamp":"2026-03-04 18:05:54"}
{"level":"debug","message":"GET /api/counties","timestamp":"2026-03-04 18:05:54"}
{"level":"debug","message":"GET /api/facilities?limit=500","timestamp":"2026-03-04 18:05:54"}
{"level":"debug","message":"POST /api/devices/1/transfer","timestamp":"2026-03-04 18:06:09"}
{"level":"debug","message":"GET /api/devices/1","timestamp":"2026-03-04 18:06:09"}
{"level":"debug","message":"GET /api/dashboard","timestamp":"2026-03-04 18:06:13"}
{"level":"debug","message":"GET /api/dashboard","timestamp":"2026-03-04 18:06:14"}
{"level":"debug","message":"GET /api/devices/1","timestamp":"2026-03-04 18:06:16"}
{"level":"debug","message":"GET /api/devices/1","timestamp":"2026-03-04 18:06:17"}
{"level":"debug","message":"GET /api/verifications?page=1&limit=20&year=","timestamp":"2026-03-04 18:06:31"}
{"level":"debug","message":"GET /api/verifications?page=1&limit=20&year=","timestamp":"2026-03-04 18:06:32"}
{"level":"debug","message":"GET /api/dashboard","timestamp":"2026-03-04 18:06:32"}
{"level":"debug","message":"GET /api/dashboard","timestamp":"2026-03-04 18:06:33"}
{"level":"debug","message":"GET /api/counties","timestamp":"2026-03-04 18:06:40"}
{"level":"debug","message":"GET /api/counties","timestamp":"2026-03-04 18:06:40"}
{"level":"debug","message":"GET /api/devices?page=1&limit=20&search=&status=&countyId=","timestamp":"2026-03-04 18:06:41"}
{"level":"debug","message":"GET /api/counties","timestamp":"2026-03-04 18:06:43"}
{"level":"debug","message":"GET /api/affiliations","timestamp":"2026-03-04 18:06:43"}
{"level":"debug","message":"GET /api/facilities?limit=500","timestamp":"2026-03-04 18:06:43"}
{"level":"debug","message":"GET /api/counties","timestamp":"2026-03-04 18:06:43"}
{"level":"debug","message":"GET /api/affiliations","timestamp":"2026-03-04 18:06:43"}
{"level":"debug","message":"GET /api/facilities?limit=500","timestamp":"2026-03-04 18:06:43"}
{"level":"debug","message":"GET /api/devices/1","timestamp":"2026-03-04 18:08:54"}
{"level":"debug","message":"GET /api/devices/1","timestamp":"2026-03-04 18:08:54"}
{"level":"debug","message":"GET /api/counties","timestamp":"2026-03-04 18:09:11"}
{"level":"debug","message":"GET /api/counties","timestamp":"2026-03-04 18:09:11"}
{"level":"debug","message":"GET /api/devices?page=1&limit=20&search=&status=&countyId=","timestamp":"2026-03-04 18:09:12"}
{"level":"debug","message":"GET /api/dashboard","timestamp":"2026-03-04 18:09:20"}
{"level":"debug","message":"GET /api/dashboard","timestamp":"2026-03-04 18:09:20"}
{"level":"debug","message":"GET /api/counties","timestamp":"2026-03-04 18:09:22"}
{"level":"debug","message":"GET /api/counties","timestamp":"2026-03-04 18:09:22"}
{"level":"debug","message":"GET /api/devices?page=1&limit=20&search=&status=&countyId=","timestamp":"2026-03-04 18:09:23"}
{"level":"debug","message":"GET /api/verifications?page=1&limit=20&year=","timestamp":"2026-03-04 18:09:24"}
{"level":"debug","message":"GET /api/verifications?page=1&limit=20&year=","timestamp":"2026-03-04 18:09:25"}
{"level":"debug","message":"GET /api/counties","timestamp":"2026-03-04 18:09:26"}
{"level":"debug","message":"GET /api/counties","timestamp":"2026-03-04 18:09:26"}
{"level":"debug","message":"GET /api/facilities?page=1&limit=20&search=","timestamp":"2026-03-04 18:09:26"}
{"level":"debug","message":"GET /api/dashboard","timestamp":"2026-03-04 18:09:28"}
{"level":"debug","message":"GET /api/dashboard","timestamp":"2026-03-04 18:09:29"}
{"level":"debug","message":"GET /api/counties","timestamp":"2026-03-04 18:09:31"}
{"level":"debug","message":"GET /api/counties","timestamp":"2026-03-04 18:09:32"}
{"level":"debug","message":"GET /api/devices?page=1&limit=20&search=&status=&countyId=","timestamp":"2026-03-04 18:09:32"}
{"level":"debug","message":"GET /api/verifications?page=1&limit=20&year=","timestamp":"2026-03-04 18:09:34"}
{"level":"debug","message":"GET /api/verifications?page=1&limit=20&year=","timestamp":"2026-03-04 18:09:34"}
{"level":"debug","message":"GET /api/counties","timestamp":"2026-03-04 18:09:36"}
{"level":"debug","message":"GET /api/counties","timestamp":"2026-03-04 18:09:36"}
{"level":"debug","message":"GET /api/facilities?page=1&limit=20&search=","timestamp":"2026-03-04 18:09:37"}
{"level":"debug","message":"GET /api/dashboard","timestamp":"2026-03-04 18:09:39"}
{"level":"debug","message":"GET /api/dashboard","timestamp":"2026-03-04 18:09:39"}
{"level":"debug","message":"GET /api/counties","timestamp":"2026-03-04 18:12:20"}
{"level":"debug","message":"GET /api/devices?page=1&limit=20&search=&status=&countyId=","timestamp":"2026-03-04 18:12:20"}
{"level":"debug","message":"GET /api/counties","timestamp":"2026-03-04 18:12:20"}
{"level":"debug","message":"GET /api/devices/1","timestamp":"2026-03-04 18:12:25"}
{"level":"debug","message":"GET /api/devices/1","timestamp":"2026-03-04 18:12:25"}
{"level":"debug","message":"GET /api/counties","timestamp":"2026-03-04 18:12:27"}
{"level":"debug","message":"GET /api/facilities?limit=500","timestamp":"2026-03-04 18:12:27"}
{"level":"debug","message":"GET /api/counties","timestamp":"2026-03-04 18:12:27"}
{"level":"debug","message":"GET /api/facilities?limit=500","timestamp":"2026-03-04 18:12:27"}
{"level":"debug","message":"POST /api/devices/1/transfer","timestamp":"2026-03-04 18:12:46"}
{"level":"debug","message":"GET /api/devices/1","timestamp":"2026-03-04 18:12:46"}
{"level":"debug","message":"GET /api/counties","timestamp":"2026-03-04 18:12:51"}
{"level":"debug","message":"GET /api/counties","timestamp":"2026-03-04 18:12:51"}
{"level":"debug","message":"GET /api/devices?page=1&limit=20&search=&status=&countyId=","timestamp":"2026-03-04 18:12:51"}
{"level":"info","message":"🚀 Server on port 5000 [development]","timestamp":"2026-03-04 18:19:30"}
{"level":"debug","message":"GET /api/devices/1","timestamp":"2026-03-04 18:20:34"}
{"level":"debug","message":"GET /api/devices/1","timestamp":"2026-03-04 18:20:34"}
{"level":"debug","message":"GET /api/devices/1","timestamp":"2026-03-04 18:21:51"}
{"level":"debug","message":"GET /api/devices/1","timestamp":"2026-03-04 18:21:51"}
{"level":"debug","message":"GET /api/devices/1","timestamp":"2026-03-04 18:23:25"}
{"level":"debug","message":"GET /api/devices/1","timestamp":"2026-03-04 18:23:51"}
{"level":"debug","message":"GET /api/devices/1","timestamp":"2026-03-04 18:23:52"}
{"level":"debug","message":"GET /api/auth/me","timestamp":"2026-03-04 18:23:52"}
{"level":"debug","message":"GET /api/auth/me","timestamp":"2026-03-04 18:23:52"}
{"level":"debug","message":"GET /api/devices/1","timestamp":"2026-03-04 18:23:52"}
{"level":"debug","message":"GET /api/devices/1","timestamp":"2026-03-04 18:23:53"}
{"level":"debug","message":"GET /api/devices/1","timestamp":"2026-03-04 18:23:53"}
{"level":"debug","message":"GET /api/devices/1","timestamp":"2026-03-04 18:23:53"}
{"level":"debug","message":"GET /api/devices/1","timestamp":"2026-03-04 18:28:10"}
{"level":"debug","message":"GET /api/devices/1","timestamp":"2026-03-04 18:28:10"}
{"level":"debug","message":"GET /api/auth/me","timestamp":"2026-03-04 18:28:17"}
{"level":"debug","message":"GET /api/auth/me","timestamp":"2026-03-04 18:28:17"}
{"level":"debug","message":"GET /api/devices/1","timestamp":"2026-03-04 18:28:17"}
{"level":"debug","message":"GET /api/devices/1","timestamp":"2026-03-04 18:28:18"}
{"level":"debug","message":"POST /api/auth/login","timestamp":"2026-03-04 18:28:20"}
{"level":"debug","message":"GET /api/dashboard","timestamp":"2026-03-04 18:28:22"}
{"level":"debug","message":"GET /api/dashboard","timestamp":"2026-03-04 18:28:22"}
{"level":"debug","message":"GET /api/dashboard","timestamp":"2026-03-04 18:28:23"}
{"level":"debug","message":"GET /api/dashboard","timestamp":"2026-03-04 18:28:23"}
{"level":"debug","message":"GET /api/devices/1","timestamp":"2026-03-04 18:28:23"}
{"level":"debug","message":"GET /api/devices/1","timestamp":"2026-03-04 18:28:24"}
{"level":"debug","message":"GET /api/devices/1","timestamp":"2026-03-04 18:29:46"}
{"level":"debug","message":"GET /api/devices/1","timestamp":"2026-03-04 18:29:46"}
{"level":"debug","message":"GET /api/auth/me","timestamp":"2026-03-04 18:30:05"}
{"level":"debug","message":"GET /api/auth/me","timestamp":"2026-03-04 18:30:06"}
{"level":"debug","message":"GET /api/devices/1","timestamp":"2026-03-04 18:30:06"}
{"level":"debug","message":"GET /api/devices/1","timestamp":"2026-03-04 18:30:06"}
{"level":"debug","message":"GET /api/devices/1","timestamp":"2026-03-04 18:30:28"}
{"level":"debug","message":"GET /api/devices/1","timestamp":"2026-03-04 18:30:59"}
{"level":"debug","message":"GET /api/devices/1","timestamp":"2026-03-04 18:31:00"}
{"level":"debug","message":"GET /api/devices/1","timestamp":"2026-03-04 18:31:30"}
{"level":"debug","message":"GET /api/devices/1","timestamp":"2026-03-04 18:31:44"}
{"level":"debug","message":"GET /api/auth/me","timestamp":"2026-03-04 18:32:24"}
{"level":"debug","message":"GET /api/auth/me","timestamp":"2026-03-04 18:32:24"}
{"level":"debug","message":"GET /api/devices/1","timestamp":"2026-03-04 18:32:24"}
{"level":"debug","message":"GET /api/devices/1","timestamp":"2026-03-04 18:32:24"}
{"level":"debug","message":"GET /api/devices/1","timestamp":"2026-03-04 18:32:25"}
{"level":"debug","message":"GET /api/auth/me","timestamp":"2026-03-04 18:35:14"}
{"level":"debug","message":"GET /api/auth/me","timestamp":"2026-03-04 18:35:14"}
{"level":"debug","message":"GET /api/devices/1","timestamp":"2026-03-04 18:35:14"}
{"level":"debug","message":"GET /api/devices/1","timestamp":"2026-03-04 18:35:14"}
{"level":"debug","message":"POST /api/auth/login","timestamp":"2026-03-04 18:35:17"}
{"level":"debug","message":"GET /api/dashboard","timestamp":"2026-03-04 18:35:19"}
{"level":"debug","message":"GET /api/dashboard","timestamp":"2026-03-04 18:35:19"}
{"level":"debug","message":"GET /api/counties","timestamp":"2026-03-04 18:35:22"}
{"level":"debug","message":"GET /api/counties","timestamp":"2026-03-04 18:35:23"}
{"level":"debug","message":"GET /api/devices?page=1&limit=20&search=&status=&countyId=","timestamp":"2026-03-04 18:35:23"}
{"level":"debug","message":"GET /api/verifications?page=1&limit=20&year=","timestamp":"2026-03-04 18:35:25"}
{"level":"debug","message":"GET /api/verifications?page=1&limit=20&year=","timestamp":"2026-03-04 18:35:25"}
{"level":"debug","message":"GET /api/counties","timestamp":"2026-03-04 18:35:27"}
{"level":"debug","message":"GET /api/facilities?page=1&limit=20&search=","timestamp":"2026-03-04 18:35:27"}
{"level":"debug","message":"GET /api/counties","timestamp":"2026-03-04 18:35:28"}
{"level":"debug","message":"POST /api/auth/login","timestamp":"2026-03-04 18:35:38"}
{"level":"debug","message":"GET /api/dashboard","timestamp":"2026-03-04 18:35:40"}
{"level":"debug","message":"GET /api/dashboard","timestamp":"2026-03-04 18:35:40"}
{"level":"debug","message":"GET /api/counties","timestamp":"2026-03-04 18:35:42"}
{"level":"debug","message":"GET /api/counties","timestamp":"2026-03-04 18:35:42"}
{"level":"debug","message":"GET /api/facilities?page=1&limit=20&search=","timestamp":"2026-03-04 18:35:42"}
{"level":"debug","message":"GET /api/verifications?page=1&limit=20&year=","timestamp":"2026-03-04 18:35:43"}
{"level":"debug","message":"GET /api/verifications?page=1&limit=20&year=","timestamp":"2026-03-04 18:35:44"}
{"level":"debug","message":"GET /api/counties","timestamp":"2026-03-04 18:35:45"}
{"level":"debug","message":"GET /api/counties","timestamp":"2026-03-04 18:35:45"}
{"level":"debug","message":"GET /api/devices?page=1&limit=20&search=&status=&countyId=","timestamp":"2026-03-04 18:35:45"}
{"level":"debug","message":"GET /api/dashboard","timestamp":"2026-03-04 18:35:47"}
{"level":"debug","message":"GET /api/dashboard","timestamp":"2026-03-04 18:35:47"}
{"level":"debug","message":"GET /api/auth/me","timestamp":"2026-03-04 18:37:32"}
{"level":"debug","message":"GET /api/auth/me","timestamp":"2026-03-04 18:37:33"}
{"level":"debug","message":"GET /api/dashboard","timestamp":"2026-03-04 18:37:33"}
{"level":"debug","message":"GET /api/dashboard","timestamp":"2026-03-04 18:37:33"}
{"level":"debug","message":"GET /api/auth/me","timestamp":"2026-03-04 18:38:03"}
{"level":"debug","message":"GET /api/auth/me","timestamp":"2026-03-04 18:38:03"}
{"level":"debug","message":"GET /api/dashboard","timestamp":"2026-03-04 18:38:03"}
{"level":"debug","message":"GET /api/dashboard","timestamp":"2026-03-04 18:38:03"}
{"level":"debug","message":"GET /api/counties","timestamp":"2026-03-04 18:38:05"}
{"level":"debug","message":"GET /api/counties","timestamp":"2026-03-04 18:38:06"}
{"level":"debug","message":"GET /api/facilities?page=1&limit=20&search=","timestamp":"2026-03-04 18:38:06"}
{"level":"debug","message":"GET /api/verifications?page=1&limit=20&year=","timestamp":"2026-03-04 18:38:07"}
{"level":"debug","message":"GET /api/verifications?page=1&limit=20&year=","timestamp":"2026-03-04 18:38:07"}
{"level":"debug","message":"GET /api/counties","timestamp":"2026-03-04 18:38:08"}
{"level":"debug","message":"GET /api/counties","timestamp":"2026-03-04 18:38:08"}
{"level":"debug","message":"GET /api/devices?page=1&limit=20&search=&status=&countyId=","timestamp":"2026-03-04 18:38:08"}
{"level":"debug","message":"GET /api/dashboard","timestamp":"2026-03-04 18:38:08"}
{"level":"debug","message":"GET /api/dashboard","timestamp":"2026-03-04 18:38:09"}
{"level":"debug","message":"GET /api/auth/me","timestamp":"2026-03-04 18:38:29"}
{"level":"debug","message":"GET /api/auth/me","timestamp":"2026-03-04 18:38:30"}
{"level":"debug","message":"GET /api/dashboard","timestamp":"2026-03-04 18:38:30"}
{"level":"debug","message":"GET /api/dashboard","timestamp":"2026-03-04 18:38:30"}
{"level":"debug","message":"GET /api/counties","timestamp":"2026-03-04 18:38:33"}
{"level":"debug","message":"GET /api/counties","timestamp":"2026-03-04 18:38:33"}
{"level":"debug","message":"GET /api/facilities?page=1&limit=20&search=","timestamp":"2026-03-04 18:38:33"}
{"level":"debug","message":"GET /api/verifications?page=1&limit=20&year=","timestamp":"2026-03-04 18:38:35"}
{"level":"debug","message":"GET /api/verifications?page=1&limit=20&year=","timestamp":"2026-03-04 18:38:35"}
{"level":"debug","message":"GET /api/counties","timestamp":"2026-03-04 18:38:36"}
{"level":"debug","message":"GET /api/counties","timestamp":"2026-03-04 18:38:37"}
{"level":"debug","message":"GET /api/devices?page=1&limit=20&search=&status=&countyId=","timestamp":"2026-03-04 18:38:37"}
{"level":"debug","message":"GET /api/dashboard","timestamp":"2026-03-04 18:38:39"}
{"level":"debug","message":"GET /api/dashboard","timestamp":"2026-03-04 18:38:40"}
{"level":"debug","message":"GET /api/users?page=1&limit=20&search=","timestamp":"2026-03-04 18:38:41"}
{"level":"debug","message":"GET /api/auth/me","timestamp":"2026-03-04 18:40:37"}
{"level":"debug","message":"GET /api/auth/me","timestamp":"2026-03-04 18:40:37"}
{"level":"debug","message":"GET /api/users?page=1&limit=20&search=","timestamp":"2026-03-04 18:40:37"}
{"level":"debug","message":"GET /api/dashboard","timestamp":"2026-03-04 18:40:40"}
{"level":"debug","message":"GET /api/dashboard","timestamp":"2026-03-04 18:40:40"}
{"level":"debug","message":"POST /api/auth/login","timestamp":"2026-03-04 18:40:45"}
{"level":"debug","message":"GET /api/dashboard","timestamp":"2026-03-04 18:40:46"}
{"level":"debug","message":"GET /api/dashboard","timestamp":"2026-03-04 18:40:47"}
{"level":"debug","message":"GET /api/users?page=1&limit=20&search=","timestamp":"2026-03-04 18:41:07"}
{"level":"debug","message":"GET /api/auth/me","timestamp":"2026-03-04 18:41:09"}
{"level":"debug","message":"GET /api/auth/me","timestamp":"2026-03-04 18:41:09"}
{"level":"debug","message":"GET /api/users?page=1&limit=20&search=","timestamp":"2026-03-04 18:41:09"}
{"level":"debug","message":"GET /main.3ce207fc769b432a1a97.hot-update.json","timestamp":"2026-03-04 18:42:52"}
{"level":"debug","message":"GET /api/auth/me","timestamp":"2026-03-04 18:42:54"}
{"level":"debug","message":"GET /api/auth/me","timestamp":"2026-03-04 18:42:54"}
{"level":"debug","message":"GET /api/dashboard","timestamp":"2026-03-04 18:42:54"}
{"level":"debug","message":"GET /api/auth/me","timestamp":"2026-03-04 18:42:55"}
{"level":"debug","message":"GET /api/dashboard","timestamp":"2026-03-04 18:42:55"}
{"level":"debug","message":"GET /api/auth/me","timestamp":"2026-03-04 18:42:55"}
{"level":"debug","message":"GET /api/users?page=1&limit=20&search=","timestamp":"2026-03-04 18:42:55"}
{"level":"debug","message":"GET /api/counties","timestamp":"2026-03-04 18:43:00"}
{"level":"debug","message":"GET /api/counties","timestamp":"2026-03-04 18:43:00"}
{"level":"debug","message":"GET /api/facilities?page=1&limit=20&search=","timestamp":"2026-03-04 18:43:00"}
{"level":"debug","message":"GET /api/verifications?page=1&limit=20&year=","timestamp":"2026-03-04 18:43:01"}
{"level":"debug","message":"GET /api/verifications?page=1&limit=20&year=","timestamp":"2026-03-04 18:43:01"}
{"level":"debug","message":"GET /api/counties","timestamp":"2026-03-04 18:43:02"}
{"level":"debug","message":"GET /api/counties","timestamp":"2026-03-04 18:43:02"}
{"level":"debug","message":"GET /api/devices?page=1&limit=20&search=&status=&countyId=","timestamp":"2026-03-04 18:43:02"}
{"level":"debug","message":"GET /api/audit-logs?page=1&limit=20&search=&action=","timestamp":"2026-03-04 18:44:49"}
{"level":"debug","message":"GET /api/users?page=1&limit=20&search=","timestamp":"2026-03-04 18:45:56"}
{"level":"debug","message":"GET /api/audit-logs?page=1&limit=20&search=&action=","timestamp":"2026-03-04 18:45:57"}
{"level":"info","message":"🚀 Server on port 5000 [development]","timestamp":"2026-03-04 18:51:15"}
{"level":"debug","message":"GET /api/users?page=1&limit=20&search=","timestamp":"2026-03-04 18:51:24"}
{"level":"debug","message":"GET /api/audit-logs?page=1&limit=20&search=&action=","timestamp":"2026-03-04 18:51:25"}
{"level":"debug","message":"GET /api/audit-logs?page=2&limit=20&search=&action=","timestamp":"2026-03-04 18:51:36"}
{"level":"debug","message":"GET /api/audit-logs?page=1&limit=20&search=&action=","timestamp":"2026-03-04 18:51:39"}
{"level":"debug","message":"GET /api/dashboard","timestamp":"2026-03-04 18:51:42"}
{"level":"debug","message":"GET /api/dashboard","timestamp":"2026-03-04 18:51:42"}
{"level":"debug","message":"POST /api/auth/login","timestamp":"2026-03-04 18:51:51"}
{"level":"debug","message":"GET /api/dashboard","timestamp":"2026-03-04 18:51:52"}
{"level":"debug","message":"GET /api/dashboard","timestamp":"2026-03-04 18:51:52"}
{"level":"debug","message":"GET /api/counties","timestamp":"2026-03-04 18:51:57"}
{"level":"debug","message":"GET /api/counties","timestamp":"2026-03-04 18:51:57"}
{"level":"debug","message":"GET /api/devices?page=1&limit=20&search=&status=&countyId=","timestamp":"2026-03-04 18:51:57"}
{"level":"debug","message":"GET /api/dashboard","timestamp":"2026-03-04 18:52:18"}
{"level":"debug","message":"GET /api/dashboard","timestamp":"2026-03-04 18:52:19"}
{"level":"debug","message":"GET /api/counties","timestamp":"2026-03-04 18:52:20"}
{"level":"debug","message":"GET /api/counties","timestamp":"2026-03-04 18:52:20"}
{"level":"debug","message":"GET /api/devices?page=1&limit=20&search=&status=&countyId=","timestamp":"2026-03-04 18:52:21"}
{"level":"debug","message":"GET /api/devices/export?search=&status=&countyId=","timestamp":"2026-03-04 18:53:47"}
{"level":"debug","message":"POST /api/devices/import","timestamp":"2026-03-04 19:00:02"}
{"level":"debug","message":"GET /api/devices?page=1&limit=20&search=&status=&countyId=","timestamp":"2026-03-04 19:00:02"}
{"level":"debug","message":"GET /api/devices/1","timestamp":"2026-03-04 19:00:16"}
{"level":"debug","message":"GET /api/devices/1","timestamp":"2026-03-04 19:00:17"}
{"level":"debug","message":"GET /api/audit-logs?page=1&limit=20&search=&action=","timestamp":"2026-03-04 19:00:20"}
{"level":"debug","message":"GET /api/audit-logs?page=1&limit=20&search=&action=UPDATE","timestamp":"2026-03-04 19:00:42"}
{"level":"debug","message":"GET /api/audit-logs?page=1&limit=20&search=&action=DELETE","timestamp":"2026-03-04 19:00:44"}
{"level":"debug","message":"GET /api/audit-logs?page=1&limit=20&search=&action=VERIFY","timestamp":"2026-03-04 19:00:50"}
{"level":"debug","message":"GET /api/audit-logs?page=1&limit=20&search=&action=IMPORT","timestamp":"2026-03-04 19:00:54"}
{"level":"debug","message":"POST /api/auth/login","timestamp":"2026-03-04 19:01:15"}
{"level":"debug","message":"GET /api/dashboard","timestamp":"2026-03-04 19:01:16"}
{"level":"debug","message":"GET /api/dashboard","timestamp":"2026-03-04 19:01:16"}
{"level":"info","message":"🚀 Server on port 5000 [development]","timestamp":"2026-03-05 08:15:57"}
{"level":"info","message":"Server on port 5000 [development]","timestamp":"2026-03-05 08:16:32"}
{"level":"debug","message":"GET /favicon.ico","timestamp":"2026-03-05 08:16:50"}
{"level":"debug","message":"GET /favicon.ico","timestamp":"2026-03-05 08:16:50"}
{"level":"debug","message":"GET /favicon.ico","timestamp":"2026-03-05 08:16:50"}
{"level":"debug","message":"POST /api/auth/login","timestamp":"2026-03-05 08:16:54"}
{"level":"debug","message":"GET /api/dashboard","timestamp":"2026-03-05 08:16:54"}
{"level":"debug","message":"GET /api/dashboard","timestamp":"2026-03-05 08:16:55"}
{"level":"debug","message":"GET /api/audit-logs?page=1&limit=20&search=&action=","timestamp":"2026-03-05 08:17:10"}
{"level":"debug","message":"GET /api/users?page=1&limit=20&search=","timestamp":"2026-03-05 08:17:14"}
{"level":"debug","message":"GET /api/dashboard","timestamp":"2026-03-05 08:18:10"}
{"level":"debug","message":"GET /api/dashboard","timestamp":"2026-03-05 08:18:11"}
{"level":"debug","message":"GET /api/counties","timestamp":"2026-03-05 08:19:11"}
{"level":"debug","message":"GET /api/counties","timestamp":"2026-03-05 08:19:11"}
{"level":"debug","message":"GET /api/devices?page=1&limit=20&search=&status=&countyId=","timestamp":"2026-03-05 08:19:11"}
{"level":"debug","message":"GET /api/verifications?page=1&limit=20&year=","timestamp":"2026-03-05 08:19:13"}
{"level":"debug","message":"GET /api/verifications?page=1&limit=20&year=","timestamp":"2026-03-05 08:19:14"}
{"level":"debug","message":"GET /api/counties","timestamp":"2026-03-05 08:19:15"}
{"level":"debug","message":"GET /api/counties","timestamp":"2026-03-05 08:19:15"}
{"level":"debug","message":"GET /api/facilities?page=1&limit=20&search=","timestamp":"2026-03-05 08:19:16"}
{"level":"debug","message":"GET /api/dashboard","timestamp":"2026-03-05 08:19:22"}
{"level":"debug","message":"GET /api/dashboard","timestamp":"2026-03-05 08:19:22"}
{"level":"debug","message":"GET /api/counties","timestamp":"2026-03-05 08:19:25"}
{"level":"debug","message":"GET /api/counties","timestamp":"2026-03-05 08:19:25"}
{"level":"debug","message":"GET /api/devices?page=1&limit=20&search=&status=&countyId=","timestamp":"2026-03-05 08:19:25"}
{"level":"debug","message":"GET /api/devices/1","timestamp":"2026-03-05 08:19:27"}
{"level":"debug","message":"GET /api/devices/1","timestamp":"2026-03-05 08:19:27"}
{"level":"debug","message":"POST /api/devices/1/verify","timestamp":"2026-03-05 08:20:34"}
{"level":"debug","message":"GET /api/devices/1","timestamp":"2026-03-05 08:20:34"}
{"level":"debug","message":"GET /api/audit-logs?page=1&limit=20&search=&action=","timestamp":"2026-03-05 08:20:36"}
{"level":"debug","message":"GET /api/counties","timestamp":"2026-03-05 08:21:11"}
{"level":"debug","message":"GET /api/devices?page=1&limit=20&search=&status=&countyId=","timestamp":"2026-03-05 08:21:11"}
{"level":"debug","message":"GET /api/counties","timestamp":"2026-03-05 08:21:11"}
{"level":"debug","message":"GET /api/devices/1","timestamp":"2026-03-05 08:21:27"}
{"level":"debug","message":"GET /api/devices/1","timestamp":"2026-03-05 08:21:27"}
{"level":"debug","message":"GET /api/counties","timestamp":"2026-03-05 08:21:28"}
{"level":"debug","message":"GET /api/facilities?limit=500","timestamp":"2026-03-05 08:21:28"}
{"level":"debug","message":"GET /api/counties","timestamp":"2026-03-05 08:21:28"}
{"level":"debug","message":"GET /api/facilities?limit=500","timestamp":"2026-03-05 08:21:28"}
{"level":"debug","message":"GET /api/dashboard","timestamp":"2026-03-05 08:22:27"}
{"level":"debug","message":"GET /api/dashboard","timestamp":"2026-03-05 08:22:28"}
{"level":"debug","message":"GET /api/verifications?page=1&limit=20&year=","timestamp":"2026-03-05 08:22:37"}
{"level":"debug","message":"GET /api/verifications?page=1&limit=20&year=","timestamp":"2026-03-05 08:22:38"}
{"level":"debug","message":"GET /api/dashboard","timestamp":"2026-03-05 08:22:44"}
{"level":"debug","message":"GET /api/dashboard","timestamp":"2026-03-05 08:22:44"}
{"level":"debug","message":"GET /api/counties","timestamp":"2026-03-05 08:24:51"}
{"level":"debug","message":"GET /api/devices?page=1&limit=20&search=&status=&countyId=","timestamp":"2026-03-05 08:24:52"}
{"level":"debug","message":"GET /api/counties","timestamp":"2026-03-05 08:24:52"}
{"level":"debug","message":"GET /api/dashboard","timestamp":"2026-03-05 08:25:10"}
{"level":"debug","message":"GET /api/dashboard","timestamp":"2026-03-05 08:25:10"}
{"level":"debug","message":"GET /api/verifications?page=1&limit=20&year=","timestamp":"2026-03-05 08:25:20"}
{"level":"debug","message":"GET /api/verifications?page=1&limit=20&year=","timestamp":"2026-03-05 08:25:20"}
{"level":"debug","message":"GET /api/counties","timestamp":"2026-03-05 08:25:34"}
{"level":"debug","message":"GET /api/counties","timestamp":"2026-03-05 08:25:35"}
{"level":"debug","message":"GET /api/facilities?page=1&limit=20&search=","timestamp":"2026-03-05 08:25:35"}
{"level":"debug","message":"GET /api/facilities?page=1&limit=20&search=bonch","timestamp":"2026-03-05 08:25:47"}
{"level":"debug","message":"GET /api/facilities?page=1&limit=20&search=","timestamp":"2026-03-05 08:25:50"}
{"level":"debug","message":"GET /api/facilities?page=1&limit=20&search=med","timestamp":"2026-03-05 08:25:52"}
{"level":"debug","message":"GET /api/facilities?page=1&limit=20&search=med+","timestamp":"2026-03-05 08:25:55"}
{"level":"debug","message":"GET /api/facilities?page=1&limit=20&search=","timestamp":"2026-03-05 08:26:04"}
{"level":"debug","message":"GET /api/facilities?page=1&limit=20&search=sokl","timestamp":"2026-03-05 08:26:05"}
{"level":"debug","message":"GET /api/counties/43/sub-counties","timestamp":"2026-03-05 08:26:10"}
{"level":"debug","message":"GET /api/counties/43/sub-counties","timestamp":"2026-03-05 08:26:10"}
{"level":"debug","message":"GET /api/dashboard","timestamp":"2026-03-05 08:26:16"}
{"level":"debug","message":"GET /api/dashboard","timestamp":"2026-03-05 08:26:17"}
{"level":"info","message":"Server on port 5000 [development]","timestamp":"2026-03-06 08:37:25"}
{"level":"debug","message":"GET /api/auth/me","timestamp":"2026-03-06 08:38:47"}
{"err":"jwt expired","ip":"::1","level":"warn","message":"JWT failed","timestamp":"2026-03-06 08:38:47"}
{"level":"debug","message":"GET /favicon.ico","timestamp":"2026-03-06 08:38:48"}
{"level":"debug","message":"GET /api/auth/me","timestamp":"2026-03-06 08:38:48"}
{"err":"jwt expired","ip":"::1","level":"warn","message":"JWT failed","timestamp":"2026-03-06 08:38:48"}
{"level":"debug","message":"GET /favicon.ico","timestamp":"2026-03-06 08:38:48"}
{"level":"debug","message":"GET /favicon.ico","timestamp":"2026-03-06 08:38:48"}
{"level":"debug","message":"POST /api/auth/login","timestamp":"2026-03-06 08:43:02"}
{"level":"debug","message":"GET /api/dashboard","timestamp":"2026-03-06 08:43:03"}
{"level":"debug","message":"GET /api/dashboard","timestamp":"2026-03-06 08:43:03"}
{"level":"debug","message":"GET /api/counties","timestamp":"2026-03-06 08:43:08"}
{"level":"debug","message":"GET /api/counties","timestamp":"2026-03-06 08:43:08"}
{"level":"debug","message":"GET /api/devices?page=1&limit=20&search=&status=&countyId=","timestamp":"2026-03-06 08:43:09"}
{"level":"debug","message":"GET /api/devices/export?search=&status=&countyId=","timestamp":"2026-03-06 08:43:10"}
{"level":"debug","message":"GET /api/counties","timestamp":"2026-03-06 09:10:41"}
{"level":"debug","message":"GET /api/devices?page=1&limit=20&search=&status=&countyId=","timestamp":"2026-03-06 09:10:41"}
{"level":"debug","message":"GET /api/counties","timestamp":"2026-03-06 09:10:42"}
{"level":"debug","message":"GET /api/dashboard","timestamp":"2026-03-06 09:10:45"}
{"level":"debug","message":"GET /api/dashboard","timestamp":"2026-03-06 09:10:45"}
{"level":"debug","message":"GET /api/counties","timestamp":"2026-03-06 09:10:46"}
{"level":"debug","message":"GET /api/counties","timestamp":"2026-03-06 09:10:47"}
{"level":"debug","message":"GET /api/devices?page=1&limit=20&search=&status=&countyId=","timestamp":"2026-03-06 09:10:47"}
{"level":"debug","message":"GET /api/devices/1","timestamp":"2026-03-06 09:10:50"}
{"level":"debug","message":"GET /api/devices/1","timestamp":"2026-03-06 09:10:50"}
{"level":"debug","message":"GET /api/auth/me","timestamp":"2026-03-06 09:17:55"}
{"level":"debug","message":"GET /api/auth/me","timestamp":"2026-03-06 09:17:58"}
{"level":"debug","message":"GET /api/devices/1","timestamp":"2026-03-06 09:17:58"}
{"level":"debug","message":"GET /api/devices/1","timestamp":"2026-03-06 09:17:59"}
{"level":"debug","message":"GET /api/verifications?page=1&limit=20&year=","timestamp":"2026-03-06 09:18:13"}
{"level":"debug","message":"GET /api/verifications?page=1&limit=20&year=","timestamp":"2026-03-06 09:18:14"}
{"level":"debug","message":"GET /api/auth/me","timestamp":"2026-03-06 09:18:23"}
{"level":"debug","message":"GET /api/auth/me","timestamp":"2026-03-06 09:18:23"}
{"level":"debug","message":"GET /api/verifications?page=1&limit=20&year=","timestamp":"2026-03-06 09:18:24"}
{"level":"debug","message":"GET /api/verifications?page=1&limit=20&year=","timestamp":"2026-03-06 09:18:25"}
{"level":"info","message":"Server on port 5000 [development]","timestamp":"2026-03-06 09:24:37"}
{"level":"debug","message":"GET /api/dashboard","timestamp":"2026-03-06 09:25:26"}
{"level":"debug","message":"GET /api/dashboard","timestamp":"2026-03-06 09:25:27"}
{"level":"debug","message":"GET /api/counties","timestamp":"2026-03-06 09:25:28"}
{"level":"debug","message":"GET /api/counties","timestamp":"2026-03-06 09:25:28"}
{"level":"debug","message":"GET /api/devices?page=1&limit=20&search=&status=&countyId=","timestamp":"2026-03-06 09:25:28"}
{"level":"debug","message":"POST /api/devices/import","timestamp":"2026-03-06 09:25:39"}
{"level":"debug","message":"GET /api/devices?page=1&limit=20&search=&status=&countyId=","timestamp":"2026-03-06 09:25:40"}
{"level":"debug","message":"POST /api/devices/import","timestamp":"2026-03-06 09:26:02"}
{"level":"debug","message":"GET /api/devices?page=1&limit=20&search=&status=&countyId=","timestamp":"2026-03-06 09:26:02"}
{"level":"debug","message":"GET /api/auth/me","timestamp":"2026-03-06 09:26:06"}
{"level":"debug","message":"GET /api/auth/me","timestamp":"2026-03-06 09:26:06"}
{"level":"debug","message":"GET /api/counties","timestamp":"2026-03-06 09:26:07"}
{"level":"debug","message":"GET /api/devices?page=1&limit=20&search=&status=&countyId=","timestamp":"2026-03-06 09:26:07"}
{"level":"debug","message":"GET /api/counties","timestamp":"2026-03-06 09:26:07"}
{"level":"debug","message":"GET /api/counties","timestamp":"2026-03-06 09:29:31"}
{"level":"debug","message":"GET /api/devices?page=1&limit=20&search=&status=&countyId=","timestamp":"2026-03-06 09:29:32"}
{"level":"debug","message":"GET /api/counties","timestamp":"2026-03-06 09:29:32"}
{"level":"debug","message":"GET /api/devices?page=1&limit=20&search=&status=&countyId=","timestamp":"2026-03-06 09:29:32"}
{"level":"debug","message":"GET /api/counties","timestamp":"2026-03-06 09:29:32"}
{"level":"debug","message":"GET /api/counties","timestamp":"2026-03-06 09:29:32"}
{"level":"debug","message":"GET /api/devices?page=1&limit=20&search=&status=&countyId=","timestamp":"2026-03-06 09:29:32"}
{"level":"debug","message":"POST /api/devices/import","timestamp":"2026-03-06 09:29:36"}
{"level":"debug","message":"POST /api/devices/import","timestamp":"2026-03-06 09:31:22"}
{"level":"debug","message":"GET /api/auth/me","timestamp":"2026-03-06 09:31:28"}
{"level":"debug","message":"GET /api/auth/me","timestamp":"2026-03-06 09:31:28"}
{"level":"debug","message":"GET /api/counties","timestamp":"2026-03-06 09:31:29"}
{"level":"debug","message":"GET /api/devices?page=1&limit=20&search=&status=&countyId=","timestamp":"2026-03-06 09:31:29"}
{"level":"debug","message":"GET /api/counties","timestamp":"2026-03-06 09:31:29"}
{"level":"debug","message":"GET /api/devices/3","timestamp":"2026-03-06 09:31:44"}
{"level":"debug","message":"GET /api/devices/3","timestamp":"2026-03-06 09:31:44"}
{"level":"debug","message":"GET /api/counties","timestamp":"2026-03-06 09:31:49"}
{"level":"debug","message":"GET /api/devices?page=1&limit=20&search=&status=&countyId=","timestamp":"2026-03-06 09:31:50"}
{"level":"debug","message":"GET /api/counties","timestamp":"2026-03-06 09:31:50"}
{"level":"debug","message":"GET /api/counties","timestamp":"2026-03-06 09:31:51"}
{"level":"debug","message":"GET /api/affiliations","timestamp":"2026-03-06 09:31:51"}
{"level":"debug","message":"GET /api/facilities?limit=500","timestamp":"2026-03-06 09:31:51"}
{"level":"debug","message":"GET /api/counties","timestamp":"2026-03-06 09:31:51"}
{"level":"debug","message":"GET /api/affiliations","timestamp":"2026-03-06 09:31:51"}
{"level":"debug","message":"GET /api/facilities?limit=500","timestamp":"2026-03-06 09:31:51"}
{"level":"debug","message":"POST /api/devices/import","timestamp":"2026-03-06 09:39:53"}
{"level":"debug","message":"POST /api/devices/import","timestamp":"2026-03-06 09:46:46"}
{"level":"debug","message":"GET /api/auth/me","timestamp":"2026-03-06 09:46:59"}
{"level":"debug","message":"GET /api/auth/me","timestamp":"2026-03-06 09:47:02"}
{"level":"debug","message":"GET /api/counties","timestamp":"2026-03-06 09:47:02"}
{"level":"debug","message":"GET /api/devices?page=1&limit=20&search=&status=&countyId=","timestamp":"2026-03-06 09:47:02"}
{"level":"debug","message":"GET /api/counties","timestamp":"2026-03-06 09:47:03"}
{"level":"debug","message":"GET /api/dashboard","timestamp":"2026-03-06 09:47:05"}
{"level":"debug","message":"GET /api/dashboard","timestamp":"2026-03-06 09:47:05"}
{"level":"debug","message":"GET /api/verifications?page=1&limit=20&year=","timestamp":"2026-03-06 09:47:46"}
{"level":"debug","message":"GET /api/verifications?page=1&limit=20&year=","timestamp":"2026-03-06 09:47:47"}
{"level":"debug","message":"GET /api/dashboard","timestamp":"2026-03-06 09:47:51"}
{"level":"debug","message":"GET /api/dashboard","timestamp":"2026-03-06 09:47:51"}
{"level":"debug","message":"GET /api/devices/2","timestamp":"2026-03-06 09:47:52"}
{"level":"debug","message":"GET /api/devices/2","timestamp":"2026-03-06 09:47:52"}
{"level":"debug","message":"POST /api/devices/2/verify","timestamp":"2026-03-06 09:47:56"}
{"level":"debug","message":"GET /api/devices/2","timestamp":"2026-03-06 09:47:56"}
{"level":"debug","message":"GET /api/counties","timestamp":"2026-03-06 09:48:05"}
{"level":"debug","message":"GET /api/devices?page=1&limit=20&search=&status=&countyId=","timestamp":"2026-03-06 09:48:05"}
{"level":"debug","message":"GET /api/counties","timestamp":"2026-03-06 09:48:05"}
{"level":"debug","message":"GET /api/devices/38","timestamp":"2026-03-06 09:48:10"}
{"level":"debug","message":"GET /api/devices/38","timestamp":"2026-03-06 09:48:10"}
{"level":"debug","message":"GET /api/dashboard","timestamp":"2026-03-06 09:48:19"}
{"level":"debug","message":"GET /api/dashboard","timestamp":"2026-03-06 09:48:19"}
{"level":"info","message":"Server on port 5000 [development]","timestamp":"2026-03-06 11:00:36"}
{"level":"debug","message":"GET /favicon.ico","timestamp":"2026-03-06 11:03:25"}
{"level":"debug","message":"GET /api/auth/me","timestamp":"2026-03-06 11:03:25"}
{"level":"debug","message":"GET /favicon.ico","timestamp":"2026-03-06 11:03:25"}
{"level":"debug","message":"GET /api/auth/me","timestamp":"2026-03-06 11:03:25"}
{"level":"debug","message":"GET /api/dashboard","timestamp":"2026-03-06 11:03:25"}
{"level":"debug","message":"GET /api/dashboard","timestamp":"2026-03-06 11:03:26"}
{"level":"debug","message":"GET /api/auth/me","timestamp":"2026-03-06 11:26:56"}
{"level":"debug","message":"GET /api/auth/me","timestamp":"2026-03-06 11:26:56"}
{"level":"debug","message":"GET /api/auth/me","timestamp":"2026-03-06 11:26:57"}
{"level":"debug","message":"GET /api/auth/me","timestamp":"2026-03-06 11:26:57"}
{"level":"debug","message":"GET /api/dashboard","timestamp":"2026-03-06 11:26:57"}
{"level":"debug","message":"GET /api/dashboard","timestamp":"2026-03-06 11:26:57"}
{"level":"debug","message":"GET /api/counties","timestamp":"2026-03-06 11:27:11"}
{"level":"debug","message":"GET /api/counties","timestamp":"2026-03-06 11:27:11"}
{"level":"debug","message":"GET /api/devices?page=1&limit=20&search=&status=&countyId=","timestamp":"2026-03-06 11:27:11"}
{"level":"debug","message":"GET /api/verifications?page=1&limit=20&year=","timestamp":"2026-03-06 11:27:13"}
{"level":"debug","message":"GET /api/verifications?page=1&limit=20&year=","timestamp":"2026-03-06 11:27:13"}
{"level":"debug","message":"GET /api/counties","timestamp":"2026-03-06 11:27:16"}
{"level":"debug","message":"GET /api/facilities?page=1&limit=20&search=","timestamp":"2026-03-06 11:27:16"}
{"level":"debug","message":"GET /api/counties","timestamp":"2026-03-06 11:27:16"}
{"level":"debug","message":"GET /api/dashboard","timestamp":"2026-03-06 11:27:17"}
{"level":"debug","message":"GET /api/dashboard","timestamp":"2026-03-06 11:27:18"}
{"level":"debug","message":"POST /api/auth/login","timestamp":"2026-03-06 11:30:30"}
{"level":"debug","message":"GET /api/dashboard","timestamp":"2026-03-06 11:30:34"}
{"level":"debug","message":"GET /api/dashboard","timestamp":"2026-03-06 11:30:34"}
{"level":"debug","message":"GET /api/dashboard","timestamp":"2026-03-06 11:32:42"}
{"level":"debug","message":"GET /api/dashboard","timestamp":"2026-03-06 11:32:42"}
{"level":"debug","message":"GET /api/dashboard","timestamp":"2026-03-06 11:32:42"}
{"level":"debug","message":"GET /api/dashboard","timestamp":"2026-03-06 11:32:43"}
{"level":"info","message":"Server on port 5000 [development]","timestamp":"2026-03-06 11:33:16"}
{"level":"debug","message":"GET /api/dashboard","timestamp":"2026-03-06 11:34:00"}
{"level":"debug","message":"GET /api/devices/3","timestamp":"2026-03-06 11:34:53"}
{"level":"debug","message":"GET /api/devices/3","timestamp":"2026-03-06 11:34:53"}
{"level":"debug","message":"POST /api/devices/3/verify","timestamp":"2026-03-06 11:34:55"}
{"level":"debug","message":"GET /api/devices/3","timestamp":"2026-03-06 11:34:56"}
{"level":"debug","message":"GET /api/counties","timestamp":"2026-03-06 11:34:57"}
{"level":"debug","message":"GET /api/counties","timestamp":"2026-03-06 11:34:58"}
{"level":"debug","message":"GET /api/devices?page=1&limit=20&search=&status=&countyId=","timestamp":"2026-03-06 11:34:58"}
{"level":"debug","message":"GET /api/devices/32","timestamp":"2026-03-06 11:35:03"}
{"level":"debug","message":"GET /api/devices/32","timestamp":"2026-03-06 11:35:04"}
{"level":"debug","message":"POST /api/devices/32/verify","timestamp":"2026-03-06 11:35:06"}
{"level":"debug","message":"GET /api/devices/32","timestamp":"2026-03-06 11:35:07"}
{"level":"debug","message":"GET /api/counties","timestamp":"2026-03-06 11:35:09"}
{"level":"debug","message":"GET /api/counties","timestamp":"2026-03-06 11:35:09"}
{"level":"debug","message":"GET /api/devices?page=1&limit=20&search=&status=&countyId=","timestamp":"2026-03-06 11:35:10"}
{"level":"debug","message":"GET /api/dashboard","timestamp":"2026-03-06 11:35:14"}
{"level":"debug","message":"GET /api/dashboard","timestamp":"2026-03-06 11:35:14"}
{"level":"debug","message":"GET /api/counties","timestamp":"2026-03-06 11:35:17"}
{"level":"debug","message":"GET /api/counties","timestamp":"2026-03-06 11:35:17"}
{"level":"debug","message":"GET /api/devices?page=1&limit=20&search=&status=&countyId=","timestamp":"2026-03-06 11:35:17"}
{"level":"debug","message":"GET /api/counties","timestamp":"2026-03-06 11:35:19"}
{"level":"debug","message":"GET /api/counties","timestamp":"2026-03-06 11:35:19"}
{"level":"debug","message":"GET /api/facilities?page=1&limit=20&search=","timestamp":"2026-03-06 11:35:19"}
{"level":"debug","message":"GET /api/counties","timestamp":"2026-03-06 11:39:33"}
{"level":"debug","message":"GET /api/counties","timestamp":"2026-03-06 11:39:33"}
{"level":"debug","message":"GET /api/facilities?page=1&limit=20&search=","timestamp":"2026-03-06 11:39:35"}
{"level":"debug","message":"GET /api/auth/me","timestamp":"2026-03-06 11:40:10"}
{"level":"debug","message":"GET /api/auth/me","timestamp":"2026-03-06 11:40:10"}
{"level":"debug","message":"GET /api/auth/me","timestamp":"2026-03-06 11:40:11"}
{"level":"debug","message":"GET /api/auth/me","timestamp":"2026-03-06 11:40:13"}
{"level":"debug","message":"GET /api/counties","timestamp":"2026-03-06 11:40:13"}
{"level":"debug","message":"GET /api/facilities?page=1&limit=20&search=","timestamp":"2026-03-06 11:40:13"}
{"level":"debug","message":"GET /api/counties","timestamp":"2026-03-06 11:40:14"}
{"level":"info","message":"Server on port 5000 [development]","timestamp":"2026-03-06 11:45:17"}
{"level":"info","message":"Server on port 5000 [development]","timestamp":"2026-03-06 11:45:28"}
{"level":"debug","message":"GET /main.da18ca918a72cb371603.hot-update.json","timestamp":"2026-03-06 11:47:35"}
